  Matrices49860489.cpp
c:\users\kewcj\desktop\github\shooting_game\matrices49860489.cpp(269): warning C4100: 'lpCmdLine': 참조되지 않은 정식 매개 변수입니다.
c:\users\kewcj\desktop\github\shooting_game\matrices49860489.cpp(268): warning C4100: 'hPrevInstance': 참조되지 않은 정식 매개 변수입니다.
c:\users\kewcj\desktop\github\shooting_game\matrices49860489.cpp(471): warning C4244: '인수': 'int'에서 'float'(으)로 변환하면서 데이터가 손실될 수 있습니다.
c:\users\kewcj\desktop\github\shooting_game\matrices49860489.cpp(501): warning C4244: '인수': 'int'에서 'float'(으)로 변환하면서 데이터가 손실될 수 있습니다.
c:\users\kewcj\desktop\github\shooting_game\matrices49860489.cpp(509): warning C4244: '인수': 'int'에서 'float'(으)로 변환하면서 데이터가 손실될 수 있습니다.
c:\users\kewcj\desktop\github\shooting_game\matrices49860489.cpp(541): warning C4244: '인수': 'int'에서 'float'(으)로 변환하면서 데이터가 손실될 수 있습니다.
c:\users\kewcj\desktop\github\shooting_game\matrices49860489.cpp(570): warning C4996: 'sprintf': This function or variable may be unsafe. Consider using sprintf_s instead. To disable deprecation, use _CRT_SECURE_NO_WARNINGS. See online help for details.
  c:\program files (x86)\windows kits\10\include\10.0.10240.0\ucrt\stdio.h(1769): note: 'sprintf' 선언을 참조하십시오.
c:\users\kewcj\desktop\github\shooting_game\matrices49860489.cpp(579): warning C4996: 'sprintf': This function or variable may be unsafe. Consider using sprintf_s instead. To disable deprecation, use _CRT_SECURE_NO_WARNINGS. See online help for details.
  c:\program files (x86)\windows kits\10\include\10.0.10240.0\ucrt\stdio.h(1769): note: 'sprintf' 선언을 참조하십시오.
c:\users\kewcj\desktop\github\shooting_game\matrices49860489.cpp(582): warning C4996: 'sprintf': This function or variable may be unsafe. Consider using sprintf_s instead. To disable deprecation, use _CRT_SECURE_NO_WARNINGS. See online help for details.
  c:\program files (x86)\windows kits\10\include\10.0.10240.0\ucrt\stdio.h(1769): note: 'sprintf' 선언을 참조하십시오.
c:\users\kewcj\desktop\github\shooting_game\matrices49860489.cpp(585): warning C4996: 'sprintf': This function or variable may be unsafe. Consider using sprintf_s instead. To disable deprecation, use _CRT_SECURE_NO_WARNINGS. See online help for details.
  c:\program files (x86)\windows kits\10\include\10.0.10240.0\ucrt\stdio.h(1769): note: 'sprintf' 선언을 참조하십시오.
c:\users\kewcj\desktop\github\shooting_game\matrices49860489.cpp(588): warning C4996: 'sprintf': This function or variable may be unsafe. Consider using sprintf_s instead. To disable deprecation, use _CRT_SECURE_NO_WARNINGS. See online help for details.
  c:\program files (x86)\windows kits\10\include\10.0.10240.0\ucrt\stdio.h(1769): note: 'sprintf' 선언을 참조하십시오.
c:\users\kewcj\desktop\github\shooting_game\matrices49860489.cpp(591): warning C4996: 'sprintf': This function or variable may be unsafe. Consider using sprintf_s instead. To disable deprecation, use _CRT_SECURE_NO_WARNINGS. See online help for details.
  c:\program files (x86)\windows kits\10\include\10.0.10240.0\ucrt\stdio.h(1769): note: 'sprintf' 선언을 참조하십시오.
c:\users\kewcj\desktop\github\shooting_game\matrices49860489.cpp(594): warning C4996: 'sprintf': This function or variable may be unsafe. Consider using sprintf_s instead. To disable deprecation, use _CRT_SECURE_NO_WARNINGS. See online help for details.
  c:\program files (x86)\windows kits\10\include\10.0.10240.0\ucrt\stdio.h(1769): note: 'sprintf' 선언을 참조하십시오.
c:\users\kewcj\desktop\github\shooting_game\matrices49860489.cpp(597): warning C4996: 'sprintf': This function or variable may be unsafe. Consider using sprintf_s instead. To disable deprecation, use _CRT_SECURE_NO_WARNINGS. See online help for details.
  c:\program files (x86)\windows kits\10\include\10.0.10240.0\ucrt\stdio.h(1769): note: 'sprintf' 선언을 참조하십시오.
  Matrices49860489_2010.vcxproj -> C:\Users\kewcj\Desktop\GitHub\Shooting_game\Debug\Matrices49860489.exe
  Matrices49860489_2010.vcxproj -> C:\Users\kewcj\Desktop\GitHub\Shooting_game\Debug\Matrices49860489.pdb (Full PDB)
